2025-09-24T12:20:42+00:00 | Received notify: status=2, md5sig=7717048ABF66CCD963D08209BD18CD0B
2025-09-24T12:21:44+00:00 | Received notify: status=2, md5sig=25E99AEB5C15EA0743587A1A8182D1E2
2025-09-24T12:22:20+00:00 | Received notify: status=2, md5sig=25E99AEB5C15EA0743587A1A8182D1E2
2025-09-24T12:38:27+00:00 | Received notify: status=2, md5sig=14FAE50DFC8AD1C48C473BDDA625A6D9
2025-09-24T13:28:40+00:00 | Received notify: status=2, md5sig=8C3D000CC1CE07722CC2F86F7DEA3803
2025-09-26T09:34:23+00:00 | Received notify: status=2, md5sig=E3C99828EB63A514F7C408AC5E1A3995
2025-10-01T11:43:23+00:00 | Received notify: status=2, md5sig=FDA5A9BCD7A60AEC4A6AFBFBC8544A6D
2025-10-01T11:47:10+00:00 | Received notify: status=2, md5sig=ED324F4E88050E7A944B27D20FDBEA0B
2025-10-01T11:55:27+00:00 | Received notify: status=2, md5sig=4EF25ECA44ED0AF3350E28829415BF98
2025-10-01T12:06:13+00:00 | Received notify: status=2, md5sig=06D701854887AAB0F83CC54ABB9421AD
2025-10-01T12:14:42+00:00 | Received notify: status=2, md5sig=1F62389E644A1A9C739067BCA7CCC149
2025-10-01T13:03:31+00:00 | Received notify: status=2, md5sig=74A75A7C5495A70DD751368602E54AE5
2025-10-01T13:32:20+00:00 | Received notify: status=2, md5sig=921CFFE0697875605B89911EE192C657
2025-10-02T07:21:04+00:00 | Received notify: status=2, md5sig=940626CA3BE3371CAEB3AE01ADF1119F
2025-10-02T07:30:53+00:00 | Received notify: status=2, md5sig=78DBE23B6884CA5FDDFC4DD8D62B9993
2025-10-02T07:50:12+00:00 | Received notify: status=2, md5sig=CAAF86C3B0694E09F2C714EEED2979BE
2025-10-02T07:53:01+00:00 | Received notify: status=2, md5sig=D50A9C466900D102E3A63E6063BADB29
2025-10-02T07:56:15+00:00 | Received notify: status=2, md5sig=E45D35AACCFA6E8E0CB97D26E0AABF0B
2025-10-02T08:38:04+00:00 | Received notify: status=2, md5sig=7CFA24F66D63C90B9A963A6DC8B68828
2025-10-02T08:49:15+00:00 | Received notify: status=2, md5sig=5BE82F092F9D4213FED57DFD8D47909B
2025-10-05T05:01:54+00:00 | Received notify: status=2, md5sig=386C1C0A6CE7E86D70CA5B43CAF32880
2025-10-05T10:49:27+00:00 | Received notify: status=2, md5sig=656C8D601BBE8CC8AF486874DED24C4F
2025-10-06T10:18:03+00:00 | Received notify: status=2, md5sig=3BF1926F4F38490FC3CFCE53203C7046
2025-10-07T05:00:32+00:00 | Received notify: status=2, md5sig=9589B0DCE3BDE2B81EC768460641C6D6
2025-10-08T11:30:49+00:00 | Received notify: status=2, md5sig=7BBDFE4EEE1AB806547697C224A4F07D
2025-10-08T12:00:10+00:00 | Received notify: status=2, md5sig=3E065B43D890D0173297B3A20BF23E70
2025-10-08T12:16:25+00:00 | Received notify: status=2, md5sig=F4DAA17CB0EE018CBBBB79B4D1EF9500
2025-10-10T04:05:32+00:00 | Received notify: status=2, md5sig=F2A3018C5C76EF4081DB66B7AE6AB6BC
2025-10-10T05:13:20+00:00 | Received notify: status=2, md5sig=B6C845BBD741BEF596D2A4C7BFB9B9E6
2025-10-10T06:49:56+00:00 | Received notify: status=2, md5sig=52F1EE62D4E25AB1BA1BCD1A4694F4D9
2025-10-10T08:38:06+00:00 | Received notify: status=2, md5sig=DA46F4F9CCE744E2F06320DD8F353002
2025-10-10T11:03:28+00:00 | Received notify: status=2, md5sig=0F6620BF740223C93AF925B383B301DC
2025-10-10T11:04:27+00:00 | Received notify: status=2, md5sig=9912EE6C49517F5AF6D03EE19DEB309F
2025-10-10T11:31:21+00:00 | Received notify: status=2, md5sig=F8EFB1D41CD3E664F5D480FD742BF6C8
2025-10-10T13:31:36+00:00 | Received notify: status=2, md5sig=B791388CEA1E6DDFD13E04A56590BA8E
2025-10-11T08:10:39+00:00 | Received notify: status=2, md5sig=9451B85CEDA7E35EC9895A0E26861DC3
2025-10-14T08:53:34+00:00 | Received notify: status=2, md5sig=33E0655AA58CD6865AE91E546511DBC8
2025-10-14T08:56:37+00:00 | Received notify: status=2, md5sig=CC525B6DB4D67DD467FAEF1ADD85B9BF
2025-10-20T06:53:59+00:00 | Received notify: status=2, md5sig=EE6A76C320DDE7C86F2B5B59E9B15A48
2025-10-20T07:08:00+00:00 | Received notify: status=2, md5sig=401420499856B9828D9340E0364CDDAA
2025-10-20T07:11:53+00:00 | Received notify: status=2, md5sig=C828F2AE30579CF868A5BFECA2CFE5C2
2025-10-20T08:22:05+00:00 | Received notify: status=2, md5sig=96FF4A35D0B7A27CF4FDEBE3D58C507C
2025-10-20T08:30:16+00:00 | Received notify: status=2, md5sig=D6D52EAF581F67EF22BD39090F97D4BD
2025-10-21T06:38:27+00:00 | Received notify: status=2, md5sig=0ABE77870EF67399A2461BCEA56AB9C6
2025-10-21T06:51:46+00:00 | Received notify: status=2, md5sig=A8309BCCBA0B0E662617BD7B4831025B
